[debug] [2021-01-04T11:41:32.533Z] ----------------------------------------------------------------------
[debug] [2021-01-04T11:41:32.536Z] Command:       C:\Program Files\nodejs\node.exe C:\Users\HDOG\AppData\Roaming\npm\node_modules\firebase-tools\lib\bin\firebase.js init
[debug] [2021-01-04T11:41:32.536Z] CLI Version:   8.12.1
[debug] [2021-01-04T11:41:32.536Z] Platform:      win32
[debug] [2021-01-04T11:41:32.536Z] Node Version:  v12.17.0
[debug] [2021-01-04T11:41:32.538Z] Time:          Mon Jan 04 2021 11:41:32 GMT+0000 (Greenwich Mean Time)
[debug] [2021-01-04T11:41:32.538Z] ----------------------------------------------------------------------
[debug] [2021-01-04T11:41:32.538Z] 
[debug] [2021-01-04T11:41:32.546Z] > command requires scopes: ["email","openid","https://www.googleapis.com/auth/cloudplatformprojects.readonly","https://www.googleapis.com/auth/firebase","https://www.googleapis.com/auth/cloud-platform"]
[debug] [2021-01-04T11:41:32.547Z] > authorizing via signed-in user
[info] 
     ######## #### ########  ######## ########     ###     ######  ########
     ##        ##  ##     ## ##       ##     ##  ##   ##  ##       ##
     ######    ##  ########  ######   ########  #########  ######  ######
     ##        ##  ##    ##  ##       ##     ## ##     ##       ## ##
     ##       #### ##     ## ######## ########  ##     ##  ######  ########

You're about to initialize a Firebase project in this directory:

  F:\GitHub\HIVESPACE

[info] 
=== Project Setup
[info] 
[info] First, let's associate this project directory with a Firebase project.
[info] You can create multiple project aliases by running firebase use --add, 
[info] but for now we'll just set up a default project.
[info] 
[debug] [2021-01-04T11:41:40.604Z] > refreshing access token with scopes: ["email","https://www.googleapis.com/auth/cloud-platform","https://www.googleapis.com/auth/cloudplatformprojects.readonly","https://www.googleapis.com/auth/firebase","openid"]
[debug] [2021-01-04T11:41:40.605Z] >>> HTTP REQUEST POST https://www.googleapis.com/oauth2/v3/token  
 <request body omitted>
[debug] [2021-01-04T11:41:40.752Z] <<< HTTP RESPONSE 200 {"date":"Mon, 04 Jan 2021 11:41:40 GMT","expires":"Mon, 01 Jan 1990 00:00:00 GMT","pragma":"no-cache","cache-control":"no-cache, no-store, max-age=0, must-revalidate","content-type":"application/json; charset=utf-8","vary":"X-Origin, Referer, Origin,Accept-Encoding","server":"scaffolding on HTTPServer2","x-xss-protection":"0","x-frame-options":"SAMEORIGIN","x-content-type-options":"nosniff","alt-svc":"h3-29=\":443\"; ma=2592000,h3-T051=\":443\"; ma=2592000,h3-Q050=\":443\"; ma=2592000,h3-Q046=\":443\"; ma=2592000,h3-Q043=\":443\"; ma=2592000,quic=\":443\"; ma=2592000; v=\"46,43\"","accept-ranges":"none","transfer-encoding":"chunked"}
[debug] [2021-01-04T11:41:40.760Z] >>> HTTP REQUEST GET https://firebase.googleapis.com/v1beta1/projects?pageSize=100  
 
[debug] [2021-01-04T11:41:41.083Z] <<< HTTP RESPONSE 200 {"content-type":"application/json; charset=UTF-8","vary":"X-Origin, Referer, Origin,Accept-Encoding","date":"Mon, 04 Jan 2021 11:41:40 GMT","server":"ESF","cache-control":"private","x-xss-protection":"0","x-frame-options":"SAMEORIGIN","x-content-type-options":"nosniff","alt-svc":"h3-29=\":443\"; ma=2592000,h3-T051=\":443\"; ma=2592000,h3-Q050=\":443\"; ma=2592000,h3-Q046=\":443\"; ma=2592000,h3-Q043=\":443\"; ma=2592000,quic=\":443\"; ma=2592000; v=\"46,43\"","accept-ranges":"none","transfer-encoding":"chunked"}
[info] i  Using project contactpage-884b6 (ContactPage) 
[info] 
=== Hosting Setup
[info] 
[info] Your public directory is the folder (relative to your project directory) that
[info] will contain Hosting assets to be uploaded with firebase deploy. If you
[info] have a build process for your assets, use your build's output directory.
[info] 
[info] +  Wrote build/404.html 
[debug] [2021-01-04T11:44:14.405Z] >>> HTTP REQUEST GET https://www.gstatic.com/firebasejs/releases.json  
 
[debug] [2021-01-04T11:44:14.502Z] <<< HTTP RESPONSE 200 {"accept-ranges":"bytes","vary":"Accept-Encoding, Origin","content-type":"application/json","cross-origin-resource-policy":"cross-origin","content-length":"1411","date":"Mon, 04 Jan 2021 11:44:13 GMT","expires":"Mon, 04 Jan 2021 12:34:13 GMT","cache-control":"public, max-age=3000","last-modified":"Thu, 17 Dec 2020 22:59:59 GMT","x-content-type-options":"nosniff","server":"sffe","x-xss-protection":"0","alt-svc":"h3-29=\":443\"; ma=2592000,h3-T051=\":443\"; ma=2592000,h3-Q050=\":443\"; ma=2592000,h3-Q046=\":443\"; ma=2592000,h3-Q043=\":443\"; ma=2592000,quic=\":443\"; ma=2592000; v=\"46,43\""}
[info] +  Wrote build/index.html 
[info] 
[info] i  Detected a .git folder at F:\GitHub\HIVESPACE 
[info] i  Authorizing with GitHub to upload your service account to a GitHub repository's secrets store. 
[info] 
[info] Visit this URL on this device to log in:
[info] https://github.com/login/oauth/authorize?client_id=89cf50f02ac6aaed3484&state=812713894&redirect_uri=http%3A%2F%2Flocalhost%3A9005&scope=read%3Auser%20repo%20public_repo
[info] 
[info] Waiting for authentication...
[debug] [2021-01-04T11:44:29.219Z] >>> HTTP REQUEST POST https://github.com/login/oauth/access_token  
 {"client_id":"89cf50f02ac6aaed3484","client_secret":"3330d14abc895d9a74d5f17cd7a00711fa2c5bf0","code":"59709d0af5a8f0cc0ec9","redirect_uri":"http://localhost:9005","state":"812713894"}
[debug] [2021-01-04T11:44:29.483Z] <<< HTTP RESPONSE 200 {"date":"Mon, 04 Jan 2021 11:44:28 GMT","content-type":"application/json; charset=utf-8","transfer-encoding":"chunked","server":"GitHub.com","status":"200 OK","vary":"X-PJAX, Accept-Encoding, Accept, X-Requested-With, Accept-Encoding","etag":"W/\"91c91b4bdefbad194cbc7b5df6bf5805\"","cache-control":"max-age=0, private, must-revalidate","strict-transport-security":"max-age=31536000; includeSubdomains; preload","x-frame-options":"deny","x-content-type-options":"nosniff","x-xss-protection":"1; mode=block","referrer-policy":"origin-when-cross-origin, strict-origin-when-cross-origin","expect-ct":"max-age=2592000, report-uri=\"https://api.github.com/_private/browser/errors\"","content-security-policy":"default-src 'none'; base-uri 'self'; block-all-mixed-content; connect-src 'self' uploads.github.com www.githubstatus.com collector.githubapp.com api.github.com github-cloud.s3.amazonaws.com github-production-repository-file-5c1aeb.s3.amazonaws.com github-production-upload-manifest-file-7fdce7.s3.amazonaws.com github-production-user-asset-6210df.s3.amazonaws.com cdn.optimizely.com logx.optimizely.com/v1/events wss://alive.github.com; font-src github.githubassets.com; form-action 'self' github.com gist.github.com; frame-ancestors 'none'; frame-src render.githubusercontent.com; img-src 'self' data: github.githubassets.com identicons.github.com collector.githubapp.com github-cloud.s3.amazonaws.com *.githubusercontent.com; manifest-src 'self'; media-src 'none'; script-src github.githubassets.com; style-src 'unsafe-inline' github.githubassets.com; worker-src github.com/socket-worker-5029ae85.js gist.github.com/socket-worker-5029ae85.js","x-github-request-id":"C437:5043:12AE5C5A:1AF74DA7:5FF2FF9C"}
[debug] [2021-01-04T11:44:29.484Z] >>> HTTP REQUEST GET https://api.github.com/user  
 
[debug] [2021-01-04T11:44:29.776Z] <<< HTTP RESPONSE 200 {"date":"Mon, 04 Jan 2021 11:44:29 GMT","content-type":"application/json; charset=utf-8","content-length":"1463","server":"GitHub.com","status":"200 OK","cache-control":"private, max-age=60, s-maxage=60","vary":"Accept, Authorization, Cookie, X-GitHub-OTP, Accept-Encoding, Accept, X-Requested-With, Accept-Encoding","etag":"\"39f7da8d8a9326c30137efc932f6ccd327e320b915a5a2cc0df79136634f2c05\"","last-modified":"Mon, 04 Jan 2021 11:44:24 GMT","x-oauth-scopes":"read:user, repo","x-accepted-oauth-scopes":"","x-oauth-client-id":"89cf50f02ac6aaed3484","x-github-media-type":"github.v3","x-ratelimit-limit":"5000","x-ratelimit-remaining":"4990","x-ratelimit-reset":"1609763422","x-ratelimit-used":"10","access-control-expose-headers":"ETag, Link, Location, Retry-After, X-GitHub-OTP, X-RateLimit-Limit, X-RateLimit-Remaining, X-RateLimit-Used, X-RateLimit-Reset, X-OAuth-Scopes, X-Accepted-OAuth-Scopes, X-Poll-Interval, X-GitHub-Media-Type, Deprecation, Sunset","access-control-allow-origin":"*","strict-transport-security":"max-age=31536000; includeSubdomains; preload","x-frame-options":"deny","x-content-type-options":"nosniff","x-xss-protection":"1; mode=block","referrer-policy":"origin-when-cross-origin, strict-origin-when-cross-origin","content-security-policy":"default-src 'none'","x-github-request-id":"C438:77AD:17310B69:1A90C604:5FF2FF9C"}
[info] 
[info] +  Success! Logged into GitHub as hossamsulleman1 
[info] 
[debug] [2021-01-04T11:44:40.868Z] >>> HTTP REQUEST GET https://api.github.com/repos//actions/secrets/public-key?type=owner  
 
[debug] [2021-01-04T11:44:41.113Z] <<< HTTP RESPONSE 404 {"date":"Mon, 04 Jan 2021 11:44:40 GMT","content-type":"application/json; charset=utf-8","content-length":"74","server":"GitHub.com","status":"404 Not Found","x-oauth-scopes":"read:user, repo","x-accepted-oauth-scopes":"repo","x-oauth-client-id":"89cf50f02ac6aaed3484","x-github-media-type":"github.v3","x-ratelimit-limit":"5000","x-ratelimit-remaining":"4989","x-ratelimit-reset":"1609763422","x-ratelimit-used":"11","access-control-expose-headers":"ETag, Link, Location, Retry-After, X-GitHub-OTP, X-RateLimit-Limit, X-RateLimit-Remaining, X-RateLimit-Used, X-RateLimit-Reset, X-OAuth-Scopes, X-Accepted-OAuth-Scopes, X-Poll-Interval, X-GitHub-Media-Type, Deprecation, Sunset","access-control-allow-origin":"*","strict-transport-security":"max-age=31536000; includeSubdomains; preload","x-frame-options":"deny","x-content-type-options":"nosniff","x-xss-protection":"1; mode=block","referrer-policy":"origin-when-cross-origin, strict-origin-when-cross-origin","content-security-policy":"default-src 'none'","vary":"Accept-Encoding, Accept, X-Requested-With","x-github-request-id":"C43B:459A:2D8C9AE0:343DFFF3:5FF2FFA8"}
[debug] [2021-01-04T11:44:41.113Z] <<< HTTP RESPONSE BODY Not Found {"message":"Not Found","documentation_url":"https://docs.github.com/rest"}
[debug] [2021-01-04T11:44:53.989Z] >>> HTTP REQUEST GET https://api.github.com/repos/HIVESPACE/actions/secrets/public-key?type=owner  
 
[debug] [2021-01-04T11:44:54.229Z] <<< HTTP RESPONSE 404 {"date":"Mon, 04 Jan 2021 11:44:53 GMT","content-type":"application/json; charset=utf-8","content-length":"74","server":"GitHub.com","status":"404 Not Found","x-oauth-scopes":"read:user, repo","x-accepted-oauth-scopes":"repo","x-oauth-client-id":"89cf50f02ac6aaed3484","x-github-media-type":"github.v3","x-ratelimit-limit":"5000","x-ratelimit-remaining":"4988","x-ratelimit-reset":"1609763422","x-ratelimit-used":"12","access-control-expose-headers":"ETag, Link, Location, Retry-After, X-GitHub-OTP, X-RateLimit-Limit, X-RateLimit-Remaining, X-RateLimit-Used, X-RateLimit-Reset, X-OAuth-Scopes, X-Accepted-OAuth-Scopes, X-Poll-Interval, X-GitHub-Media-Type, Deprecation, Sunset","access-control-allow-origin":"*","strict-transport-security":"max-age=31536000; includeSubdomains; preload","x-frame-options":"deny","x-content-type-options":"nosniff","x-xss-protection":"1; mode=block","referrer-policy":"origin-when-cross-origin, strict-origin-when-cross-origin","content-security-policy":"default-src 'none'","vary":"Accept-Encoding, Accept, X-Requested-With","x-github-request-id":"C43C:A2EF:2A1DE472:30578431:5FF2FFB5"}
[debug] [2021-01-04T11:44:54.229Z] <<< HTTP RESPONSE BODY Not Found {"message":"Not Found","documentation_url":"https://docs.github.com/rest"}
[debug] [2021-01-04T11:45:14.807Z] >>> HTTP REQUEST GET https://api.github.com/repos/https://github.com/hossamsulleman1/HIVESPACE.git/actions/secrets/public-key?type=owner  
 
[debug] [2021-01-04T11:45:15.051Z] <<< HTTP RESPONSE 404 {"date":"Mon, 04 Jan 2021 11:45:14 GMT","content-type":"application/json; charset=utf-8","content-length":"74","server":"GitHub.com","status":"404 Not Found","x-oauth-scopes":"read:user, repo","x-accepted-oauth-scopes":"repo","x-oauth-client-id":"89cf50f02ac6aaed3484","x-github-media-type":"github.v3","x-ratelimit-limit":"5000","x-ratelimit-remaining":"4987","x-ratelimit-reset":"1609763422","x-ratelimit-used":"13","access-control-expose-headers":"ETag, Link, Location, Retry-After, X-GitHub-OTP, X-RateLimit-Limit, X-RateLimit-Remaining, X-RateLimit-Used, X-RateLimit-Reset, X-OAuth-Scopes, X-Accepted-OAuth-Scopes, X-Poll-Interval, X-GitHub-Media-Type, Deprecation, Sunset","access-control-allow-origin":"*","strict-transport-security":"max-age=31536000; includeSubdomains; preload","x-frame-options":"deny","x-content-type-options":"nosniff","x-xss-protection":"1; mode=block","referrer-policy":"origin-when-cross-origin, strict-origin-when-cross-origin","content-security-policy":"default-src 'none'","vary":"Accept-Encoding, Accept, X-Requested-With","x-github-request-id":"C44F:0F9F:DCCC45F:FC86FB3:5FF2FFCA"}
[debug] [2021-01-04T11:45:15.051Z] <<< HTTP RESPONSE BODY Not Found {"message":"Not Found","documentation_url":"https://docs.github.com/rest"}
[debug] [2021-01-04T11:45:21.544Z] >>> HTTP REQUEST GET https://api.github.com/repos//actions/secrets/public-key?type=owner  
 
[debug] [2021-01-04T11:45:21.779Z] <<< HTTP RESPONSE 404 {"date":"Mon, 04 Jan 2021 11:45:21 GMT","content-type":"application/json; charset=utf-8","content-length":"74","server":"GitHub.com","status":"404 Not Found","x-oauth-scopes":"read:user, repo","x-accepted-oauth-scopes":"repo","x-oauth-client-id":"89cf50f02ac6aaed3484","x-github-media-type":"github.v3","x-ratelimit-limit":"5000","x-ratelimit-remaining":"4986","x-ratelimit-reset":"1609763422","x-ratelimit-used":"14","access-control-expose-headers":"ETag, Link, Location, Retry-After, X-GitHub-OTP, X-RateLimit-Limit, X-RateLimit-Remaining, X-RateLimit-Used, X-RateLimit-Reset, X-OAuth-Scopes, X-Accepted-OAuth-Scopes, X-Poll-Interval, X-GitHub-Media-Type, Deprecation, Sunset","access-control-allow-origin":"*","strict-transport-security":"max-age=31536000; includeSubdomains; preload","x-frame-options":"deny","x-content-type-options":"nosniff","x-xss-protection":"1; mode=block","referrer-policy":"origin-when-cross-origin, strict-origin-when-cross-origin","content-security-policy":"default-src 'none'","vary":"Accept-Encoding, Accept, X-Requested-With","x-github-request-id":"C450:459A:2D8CF618:343E6899:5FF2FFD0"}
[debug] [2021-01-04T11:45:21.779Z] <<< HTTP RESPONSE BODY Not Found {"message":"Not Found","documentation_url":"https://docs.github.com/rest"}
[debug] [2021-01-04T11:45:24.808Z] >>> HTTP REQUEST GET https://api.github.com/repos/clear/actions/secrets/public-key?type=owner  
 
[debug] [2021-01-04T11:45:25.038Z] <<< HTTP RESPONSE 404 {"date":"Mon, 04 Jan 2021 11:45:24 GMT","content-type":"application/json; charset=utf-8","content-length":"74","server":"GitHub.com","status":"404 Not Found","x-oauth-scopes":"read:user, repo","x-accepted-oauth-scopes":"repo","x-oauth-client-id":"89cf50f02ac6aaed3484","x-github-media-type":"github.v3","x-ratelimit-limit":"5000","x-ratelimit-remaining":"4985","x-ratelimit-reset":"1609763422","x-ratelimit-used":"15","access-control-expose-headers":"ETag, Link, Location, Retry-After, X-GitHub-OTP, X-RateLimit-Limit, X-RateLimit-Remaining, X-RateLimit-Used, X-RateLimit-Reset, X-OAuth-Scopes, X-Accepted-OAuth-Scopes, X-Poll-Interval, X-GitHub-Media-Type, Deprecation, Sunset","access-control-allow-origin":"*","strict-transport-security":"max-age=31536000; includeSubdomains; preload","x-frame-options":"deny","x-content-type-options":"nosniff","x-xss-protection":"1; mode=block","referrer-policy":"origin-when-cross-origin, strict-origin-when-cross-origin","content-security-policy":"default-src 'none'","vary":"Accept-Encoding, Accept, X-Requested-With","x-github-request-id":"C451:12570:2EA0D282:35753DAA:5FF2FFD4"}
[debug] [2021-01-04T11:45:25.039Z] <<< HTTP RESPONSE BODY Not Found {"message":"Not Found","documentation_url":"https://docs.github.com/rest"}
[debug] [2021-01-04T11:45:26.584Z] >>> HTTP REQUEST GET https://api.github.com/repos/stop/actions/secrets/public-key?type=owner  
 
[debug] [2021-01-04T11:45:26.820Z] <<< HTTP RESPONSE 404 {"date":"Mon, 04 Jan 2021 11:45:26 GMT","content-type":"application/json; charset=utf-8","content-length":"74","server":"GitHub.com","status":"404 Not Found","x-oauth-scopes":"read:user, repo","x-accepted-oauth-scopes":"repo","x-oauth-client-id":"89cf50f02ac6aaed3484","x-github-media-type":"github.v3","x-ratelimit-limit":"5000","x-ratelimit-remaining":"4984","x-ratelimit-reset":"1609763422","x-ratelimit-used":"16","access-control-expose-headers":"ETag, Link, Location, Retry-After, X-GitHub-OTP, X-RateLimit-Limit, X-RateLimit-Remaining, X-RateLimit-Used, X-RateLimit-Reset, X-OAuth-Scopes, X-Accepted-OAuth-Scopes, X-Poll-Interval, X-GitHub-Media-Type, Deprecation, Sunset","access-control-allow-origin":"*","strict-transport-security":"max-age=31536000; includeSubdomains; preload","x-frame-options":"deny","x-content-type-options":"nosniff","x-xss-protection":"1; mode=block","referrer-policy":"origin-when-cross-origin, strict-origin-when-cross-origin","content-security-policy":"default-src 'none'","vary":"Accept-Encoding, Accept, X-Requested-With","x-github-request-id":"C452:48FD:176D763D:1AD9FF02:5FF2FFD5"}
[debug] [2021-01-04T11:45:26.820Z] <<< HTTP RESPONSE BODY Not Found {"message":"Not Found","documentation_url":"https://docs.github.com/rest"}
